[0.145s] DEBUG:colcon:Command line arguments: ['/usr/bin/colcon', 'build', '--symlink-install', '--packages-select', 'econ_ros', '--parallel-workers', '1']
[0.145s] DEBUG:colcon:Parsed command line arguments: Namespace(log_base=None, log_level=None, verb_name='build', build_base='build', install_base='install', merge_install=False, symlink_install=True, test_result_base=None, continue_on_error=False, executor='parallel', parallel_workers=1, event_handlers=None, ignore_user_meta=False, metas=['./colcon.meta'], base_paths=['.'], packages_ignore=None, packages_ignore_regex=None, paths=None, packages_up_to=None, packages_up_to_regex=None, packages_above=None, packages_above_and_dependencies=None, packages_above_depth=None, packages_select_by_dep=None, packages_skip_by_dep=None, packages_skip_up_to=None, packages_select_build_failed=False, packages_skip_build_finished=False, packages_select_test_failures=False, packages_skip_test_passed=False, packages_select=['econ_ros'], packages_skip=None, packages_select_regex=None, packages_skip_regex=None, packages_start=None, packages_end=None, allow_overriding=[], cmake_args=None, cmake_target=None, cmake_target_skip_unavailable=False, cmake_clean_cache=False, cmake_clean_first=False, cmake_force_configure=False, ament_cmake_args=None, catkin_cmake_args=None, catkin_skip_building_tests=False, verb_parser=<colcon_defaults.argument_parser.defaults.DefaultArgumentsDecorator object at 0xffff92a971c0>, verb_extension=<colcon_core.verb.build.BuildVerb object at 0xffff92a96c80>, main=<bound method BuildVerb.main of <colcon_core.verb.build.BuildVerb object at 0xffff92a96c80>>)
[0.367s] Level 1:colcon.colcon_core.package_discovery:discover_packages(colcon_meta) check parameters
[0.367s] Level 1:colcon.colcon_core.package_discovery:discover_packages(recursive) check parameters
[0.367s] Level 1:colcon.colcon_core.package_discovery:discover_packages(ignore) check parameters
[0.367s] Level 1:colcon.colcon_core.package_discovery:discover_packages(path) check parameters
[0.367s] Level 1:colcon.colcon_core.package_discovery:discover_packages(colcon_meta) discover
[0.367s] Level 1:colcon.colcon_core.package_discovery:discover_packages(recursive) discover
[0.367s] INFO:colcon.colcon_core.package_discovery:Crawling recursively for packages in '/home/hycon/econ_multicam_ros'
[0.368s] Level 1:colcon.colcon_core.package_identification:_identify(.) by extensions ['ignore', 'ignore_ament_install']
[0.368s] Level 1:colcon.colcon_core.package_identification:_identify(.) by extension 'ignore'
[0.368s] Level 1:colcon.colcon_core.package_identification:_identify(.) by extension 'ignore_ament_install'
[0.368s] Level 1:colcon.colcon_core.package_identification:_identify(.) by extensions ['colcon_pkg']
[0.368s] Level 1:colcon.colcon_core.package_identification:_identify(.) by extension 'colcon_pkg'
[0.368s] Level 1:colcon.colcon_core.package_identification:_identify(.) by extensions ['colcon_meta']
[0.368s] Level 1:colcon.colcon_core.package_identification:_identify(.) by extension 'colcon_meta'
[0.368s] Level 1:colcon.colcon_core.package_identification:_identify(.) by extensions ['ros']
[0.368s] Level 1:colcon.colcon_core.package_identification:_identify(.) by extension 'ros'
[0.384s] Level 1:colcon.colcon_core.package_identification:_identify(.) by extensions ['cmake', 'python']
[0.384s] Level 1:colcon.colcon_core.package_identification:_identify(.) by extension 'cmake'
[0.384s] Level 1:colcon.colcon_core.package_identification:_identify(.) by extension 'python'
[0.384s] Level 1:colcon.colcon_core.package_identification:_identify(.) by extensions ['python_setup_py']
[0.384s] Level 1:colcon.colcon_core.package_identification:_identify(.) by extension 'python_setup_py'
[0.385s] Level 1:colcon.colcon_core.package_identification:_identify(build) by extensions ['ignore', 'ignore_ament_install']
[0.385s] Level 1:colcon.colcon_core.package_identification:_identify(build) by extension 'ignore'
[0.385s] Level 1:colcon.colcon_core.package_identification:_identify(build) ignored
[0.385s] Level 1:colcon.colcon_core.package_identification:_identify(install) by extensions ['ignore', 'ignore_ament_install']
[0.385s] Level 1:colcon.colcon_core.package_identification:_identify(install) by extension 'ignore'
[0.385s] Level 1:colcon.colcon_core.package_identification:_identify(install) ignored
[0.385s] Level 1:colcon.colcon_core.package_identification:_identify(log) by extensions ['ignore', 'ignore_ament_install']
[0.386s] Level 1:colcon.colcon_core.package_identification:_identify(log) by extension 'ignore'
[0.386s] Level 1:colcon.colcon_core.package_identification:_identify(log) ignored
[0.386s] Level 1:colcon.colcon_core.package_identification:_identify(src) by extensions ['ignore', 'ignore_ament_install']
[0.386s] Level 1:colcon.colcon_core.package_identification:_identify(src) by extension 'ignore'
[0.386s] Level 1:colcon.colcon_core.package_identification:_identify(src) by extension 'ignore_ament_install'
[0.386s] Level 1:colcon.colcon_core.package_identification:_identify(src) by extensions ['colcon_pkg']
[0.386s] Level 1:colcon.colcon_core.package_identification:_identify(src) by extension 'colcon_pkg'
[0.386s] Level 1:colcon.colcon_core.package_identification:_identify(src) by extensions ['colcon_meta']
[0.386s] Level 1:colcon.colcon_core.package_identification:_identify(src) by extension 'colcon_meta'
[0.386s] Level 1:colcon.colcon_core.package_identification:_identify(src) by extensions ['ros']
[0.386s] Level 1:colcon.colcon_core.package_identification:_identify(src) by extension 'ros'
[0.386s] Level 1:colcon.colcon_core.package_identification:_identify(src) by extensions ['cmake', 'python']
[0.387s] Level 1:colcon.colcon_core.package_identification:_identify(src) by extension 'cmake'
[0.387s] Level 1:colcon.colcon_core.package_identification:_identify(src) by extension 'python'
[0.387s] Level 1:colcon.colcon_core.package_identification:_identify(src) by extensions ['python_setup_py']
[0.387s] Level 1:colcon.colcon_core.package_identification:_identify(src) by extension 'python_setup_py'
[0.387s] Level 1:colcon.colcon_core.package_identification:_identify(src/econ_ros) by extensions ['ignore', 'ignore_ament_install']
[0.387s] Level 1:colcon.colcon_core.package_identification:_identify(src/econ_ros) by extension 'ignore'
[0.387s] Level 1:colcon.colcon_core.package_identification:_identify(src/econ_ros) by extension 'ignore_ament_install'
[0.387s] Level 1:colcon.colcon_core.package_identification:_identify(src/econ_ros) by extensions ['colcon_pkg']
[0.387s] Level 1:colcon.colcon_core.package_identification:_identify(src/econ_ros) by extension 'colcon_pkg'
[0.387s] Level 1:colcon.colcon_core.package_identification:_identify(src/econ_ros) by extensions ['colcon_meta']
[0.387s] Level 1:colcon.colcon_core.package_identification:_identify(src/econ_ros) by extension 'colcon_meta'
[0.387s] Level 1:colcon.colcon_core.package_identification:_identify(src/econ_ros) by extensions ['ros']
[0.387s] Level 1:colcon.colcon_core.package_identification:_identify(src/econ_ros) by extension 'ros'
[0.391s] DEBUG:colcon.colcon_core.package_identification:Package 'src/econ_ros' with type 'ros.ament_cmake' and name 'econ_ros'
[0.391s] Level 1:colcon.colcon_core.package_discovery:discover_packages(recursive) using defaults
[0.391s] Level 1:colcon.colcon_core.package_discovery:discover_packages(ignore) discover
[0.391s] Level 1:colcon.colcon_core.package_discovery:discover_packages(ignore) using defaults
[0.391s] Level 1:colcon.colcon_core.package_discovery:discover_packages(path) discover
[0.391s] Level 1:colcon.colcon_core.package_discovery:discover_packages(path) using defaults
[0.417s] Level 1:colcon.colcon_core.package_discovery:discover_packages(prefix_path) check parameters
[0.417s] Level 1:colcon.colcon_core.package_discovery:discover_packages(prefix_path) discover
[0.421s] DEBUG:colcon.colcon_installed_package_information.package_discovery:Found 273 installed packages in /opt/ros/humble
[0.424s] Level 1:colcon.colcon_core.package_discovery:discover_packages(prefix_path) using defaults
[0.494s] Level 5:colcon.colcon_core.verb:set package 'econ_ros' build argument 'cmake_args' from command line to 'None'
[0.494s] Level 5:colcon.colcon_core.verb:set package 'econ_ros' build argument 'cmake_target' from command line to 'None'
[0.494s] Level 5:colcon.colcon_core.verb:set package 'econ_ros' build argument 'cmake_target_skip_unavailable' from command line to 'False'
[0.495s] Level 5:colcon.colcon_core.verb:set package 'econ_ros' build argument 'cmake_clean_cache' from command line to 'False'
[0.495s] Level 5:colcon.colcon_core.verb:set package 'econ_ros' build argument 'cmake_clean_first' from command line to 'False'
[0.495s] Level 5:colcon.colcon_core.verb:set package 'econ_ros' build argument 'cmake_force_configure' from command line to 'False'
[0.495s] Level 5:colcon.colcon_core.verb:set package 'econ_ros' build argument 'ament_cmake_args' from command line to 'None'
[0.495s] Level 5:colcon.colcon_core.verb:set package 'econ_ros' build argument 'catkin_cmake_args' from command line to 'None'
[0.495s] Level 5:colcon.colcon_core.verb:set package 'econ_ros' build argument 'catkin_skip_building_tests' from command line to 'False'
[0.495s] DEBUG:colcon.colcon_core.verb:Building package 'econ_ros' with the following arguments: {'ament_cmake_args': None, 'build_base': '/home/hycon/econ_multicam_ros/build/econ_ros', 'catkin_cmake_args': None, 'catkin_skip_building_tests': False, 'cmake_args': None, 'cmake_clean_cache': False, 'cmake_clean_first': False, 'cmake_force_configure': False, 'cmake_target': None, 'cmake_target_skip_unavailable': False, 'install_base': '/home/hycon/econ_multicam_ros/install/econ_ros', 'merge_install': False, 'path': '/home/hycon/econ_multicam_ros/src/econ_ros', 'symlink_install': True, 'test_result_base': None}
[0.495s] INFO:colcon.colcon_core.executor:Executing jobs using 'parallel' executor
[0.497s] DEBUG:colcon.colcon_parallel_executor.executor.parallel:run_until_complete
[0.497s] INFO:colcon.colcon_ros.task.ament_cmake.build:Building ROS package in '/home/hycon/econ_multicam_ros/src/econ_ros' with build type 'ament_cmake'
[0.497s] INFO:colcon.colcon_cmake.task.cmake.build:Building CMake package in '/home/hycon/econ_multicam_ros/src/econ_ros'
[0.500s] INFO:colcon.colcon_core.plugin_system:Skipping extension 'colcon_core.shell.bat': Not used on non-Windows systems
[0.500s] INFO:colcon.colcon_core.shell:Skip shell extension 'powershell' for command environment: Not usable outside of PowerShell
[0.501s] DEBUG:colcon.colcon_core.shell:Skip shell extension 'dsv' for command environment
[0.515s] DEBUG:colcon.colcon_core.event_handler.log_command:Invoking command in '/home/hycon/econ_multicam_ros/build/econ_ros': CMAKE_PREFIX_PATH=/opt/ros/humble /usr/bin/cmake --build /home/hycon/econ_multicam_ros/build/econ_ros -- -j12 -l12
[1.216s] DEBUG:colcon.colcon_core.event_handler.log_command:Invoked command in '/home/hycon/econ_multicam_ros/build/econ_ros' returned '0': CMAKE_PREFIX_PATH=/opt/ros/humble /usr/bin/cmake --build /home/hycon/econ_multicam_ros/build/econ_ros -- -j12 -l12
[1.236s] DEBUG:colcon.colcon_core.event_handler.log_command:Invoking command in '/home/hycon/econ_multicam_ros/build/econ_ros': CMAKE_PREFIX_PATH=/opt/ros/humble /usr/bin/cmake --install /home/hycon/econ_multicam_ros/build/econ_ros
[1.271s] Level 1:colcon.colcon_core.environment:create_environment_scripts_only(econ_ros)
[1.272s] DEBUG:colcon.colcon_core.event_handler.log_command:Invoked command in '/home/hycon/econ_multicam_ros/build/econ_ros' returned '0': CMAKE_PREFIX_PATH=/opt/ros/humble /usr/bin/cmake --install /home/hycon/econ_multicam_ros/build/econ_ros
[1.280s] Level 1:colcon.colcon_core.environment:checking '/home/hycon/econ_multicam_ros/install/econ_ros' for CMake module files
[1.282s] Level 1:colcon.colcon_core.environment:checking '/home/hycon/econ_multicam_ros/install/econ_ros' for CMake config files
[1.284s] Level 1:colcon.colcon_core.shell:create_environment_hook('econ_ros', 'cmake_prefix_path')
[1.285s] INFO:colcon.colcon_core.shell:Creating environment hook '/home/hycon/econ_multicam_ros/install/econ_ros/share/econ_ros/hook/cmake_prefix_path.ps1'
[1.287s] INFO:colcon.colcon_core.shell:Creating environment descriptor '/home/hycon/econ_multicam_ros/install/econ_ros/share/econ_ros/hook/cmake_prefix_path.dsv'
[1.289s] INFO:colcon.colcon_core.shell:Creating environment hook '/home/hycon/econ_multicam_ros/install/econ_ros/share/econ_ros/hook/cmake_prefix_path.sh'
[1.292s] Level 1:colcon.colcon_core.environment:checking '/home/hycon/econ_multicam_ros/install/econ_ros/lib'
[1.293s] Level 1:colcon.colcon_core.environment:checking '/home/hycon/econ_multicam_ros/install/econ_ros/bin'
[1.293s] Level 1:colcon.colcon_core.environment:checking '/home/hycon/econ_multicam_ros/install/econ_ros/lib/pkgconfig/econ_ros.pc'
[1.294s] Level 1:colcon.colcon_core.environment:checking '/home/hycon/econ_multicam_ros/install/econ_ros/lib/python3.10/site-packages'
[1.295s] Level 1:colcon.colcon_core.environment:checking '/home/hycon/econ_multicam_ros/install/econ_ros/bin'
[1.296s] INFO:colcon.colcon_core.shell:Creating package script '/home/hycon/econ_multicam_ros/install/econ_ros/share/econ_ros/package.ps1'
[1.299s] INFO:colcon.colcon_core.shell:Creating package descriptor '/home/hycon/econ_multicam_ros/install/econ_ros/share/econ_ros/package.dsv'
[1.302s] INFO:colcon.colcon_core.shell:Creating package script '/home/hycon/econ_multicam_ros/install/econ_ros/share/econ_ros/package.sh'
[1.304s] INFO:colcon.colcon_core.shell:Creating package script '/home/hycon/econ_multicam_ros/install/econ_ros/share/econ_ros/package.bash'
[1.307s] INFO:colcon.colcon_core.shell:Creating package script '/home/hycon/econ_multicam_ros/install/econ_ros/share/econ_ros/package.zsh'
[1.310s] Level 1:colcon.colcon_core.environment:create_file_with_runtime_dependencies(/home/hycon/econ_multicam_ros/install/econ_ros/share/colcon-core/packages/econ_ros)
[1.312s] Level 1:colcon.colcon_core.environment:create_environment_scripts_only(econ_ros)
[1.313s] Level 1:colcon.colcon_core.environment:checking '/home/hycon/econ_multicam_ros/install/econ_ros' for CMake module files
[1.315s] Level 1:colcon.colcon_core.environment:checking '/home/hycon/econ_multicam_ros/install/econ_ros' for CMake config files
[1.316s] Level 1:colcon.colcon_core.shell:create_environment_hook('econ_ros', 'cmake_prefix_path')
[1.317s] INFO:colcon.colcon_core.shell:Creating environment hook '/home/hycon/econ_multicam_ros/install/econ_ros/share/econ_ros/hook/cmake_prefix_path.ps1'
[1.319s] INFO:colcon.colcon_core.shell:Creating environment descriptor '/home/hycon/econ_multicam_ros/install/econ_ros/share/econ_ros/hook/cmake_prefix_path.dsv'
[1.320s] INFO:colcon.colcon_core.shell:Creating environment hook '/home/hycon/econ_multicam_ros/install/econ_ros/share/econ_ros/hook/cmake_prefix_path.sh'
[1.323s] Level 1:colcon.colcon_core.environment:checking '/home/hycon/econ_multicam_ros/install/econ_ros/lib'
[1.323s] Level 1:colcon.colcon_core.environment:checking '/home/hycon/econ_multicam_ros/install/econ_ros/bin'
[1.323s] Level 1:colcon.colcon_core.environment:checking '/home/hycon/econ_multicam_ros/install/econ_ros/lib/pkgconfig/econ_ros.pc'
[1.324s] Level 1:colcon.colcon_core.environment:checking '/home/hycon/econ_multicam_ros/install/econ_ros/lib/python3.10/site-packages'
[1.325s] Level 1:colcon.colcon_core.environment:checking '/home/hycon/econ_multicam_ros/install/econ_ros/bin'
[1.326s] INFO:colcon.colcon_core.shell:Creating package script '/home/hycon/econ_multicam_ros/install/econ_ros/share/econ_ros/package.ps1'
[1.328s] INFO:colcon.colcon_core.shell:Creating package descriptor '/home/hycon/econ_multicam_ros/install/econ_ros/share/econ_ros/package.dsv'
[1.329s] INFO:colcon.colcon_core.shell:Creating package script '/home/hycon/econ_multicam_ros/install/econ_ros/share/econ_ros/package.sh'
[1.331s] INFO:colcon.colcon_core.shell:Creating package script '/home/hycon/econ_multicam_ros/install/econ_ros/share/econ_ros/package.bash'
[1.332s] INFO:colcon.colcon_core.shell:Creating package script '/home/hycon/econ_multicam_ros/install/econ_ros/share/econ_ros/package.zsh'
[1.334s] Level 1:colcon.colcon_core.environment:create_file_with_runtime_dependencies(/home/hycon/econ_multicam_ros/install/econ_ros/share/colcon-core/packages/econ_ros)
[1.335s] DEBUG:colcon.colcon_parallel_executor.executor.parallel:closing loop
[1.335s] DEBUG:colcon.colcon_parallel_executor.executor.parallel:loop closed
[1.336s] DEBUG:colcon.colcon_parallel_executor.executor.parallel:run_until_complete finished with '0'
[1.336s] DEBUG:colcon.colcon_core.event_reactor:joining thread
[1.352s] INFO:colcon.colcon_core.plugin_system:Skipping extension 'colcon_notification.desktop_notification.terminal_notifier': Not used on non-Darwin systems
[1.353s] INFO:colcon.colcon_core.plugin_system:Skipping extension 'colcon_notification.desktop_notification.win32': Not used on non-Windows systems
[1.353s] INFO:colcon.colcon_notification.desktop_notification:Sending desktop notification using 'notify2'
[1.377s] DEBUG:colcon.colcon_notification.desktop_notification.notify2:Failed to initialize notify2: org.freedesktop.DBus.Error.Spawn.ChildExited: Process org.freedesktop.Notifications exited with status 1
[1.377s] DEBUG:colcon.colcon_core.event_reactor:joined thread
[1.378s] INFO:colcon.colcon_core.shell:Creating prefix script '/home/hycon/econ_multicam_ros/install/local_setup.ps1'
[1.382s] INFO:colcon.colcon_core.shell:Creating prefix util module '/home/hycon/econ_multicam_ros/install/_local_setup_util_ps1.py'
[1.387s] INFO:colcon.colcon_core.shell:Creating prefix chain script '/home/hycon/econ_multicam_ros/install/setup.ps1'
[1.392s] INFO:colcon.colcon_core.shell:Creating prefix script '/home/hycon/econ_multicam_ros/install/local_setup.sh'
[1.394s] INFO:colcon.colcon_core.shell:Creating prefix util module '/home/hycon/econ_multicam_ros/install/_local_setup_util_sh.py'
[1.396s] INFO:colcon.colcon_core.shell:Creating prefix chain script '/home/hycon/econ_multicam_ros/install/setup.sh'
[1.400s] INFO:colcon.colcon_core.shell:Creating prefix script '/home/hycon/econ_multicam_ros/install/local_setup.bash'
[1.402s] INFO:colcon.colcon_core.shell:Creating prefix chain script '/home/hycon/econ_multicam_ros/install/setup.bash'
[1.405s] INFO:colcon.colcon_core.shell:Creating prefix script '/home/hycon/econ_multicam_ros/install/local_setup.zsh'
[1.407s] INFO:colcon.colcon_core.shell:Creating prefix chain script '/home/hycon/econ_multicam_ros/install/setup.zsh'
