-- Found ament_cmake: 1.3.11 (/opt/ros/humble/share/ament_cmake/cmake)
-- Override CMake install command with custom implementation using symlinks instead of copying resources
-- Found rcl: 5.3.9 (/opt/ros/humble/share/rcl/cmake)
-- Found rosidl_generator_c: 3.1.6 (/opt/ros/humble/share/rosidl_generator_c/cmake)
-- Found rosidl_adapter: 3.1.6 (/opt/ros/humble/share/rosidl_adapter/cmake)
-- Found rosidl_generator_cpp: 3.1.6 (/opt/ros/humble/share/rosidl_generator_cpp/cmake)
-- Using all available rosidl_typesupport_c: rosidl_typesupport_fastrtps_c;rosidl_typesupport_introspection_c
-- Using all available rosidl_typesupport_cpp: rosidl_typesupport_fastrtps_cpp;rosidl_typesupport_introspection_cpp
-- Found rmw_implementation_cmake: 6.1.2 (/opt/ros/humble/share/rmw_implementation_cmake/cmake)
-- Found rmw_cyclonedds_cpp: 1.3.4 (/opt/ros/humble/share/rmw_cyclonedds_cpp/cmake)
-- Using RMW implementation 'rmw_cyclonedds_cpp' as default
-- Found rclc: 4.0.2 (/opt/ros/humble/share/rclc/cmake)
-- Found sensor_msgs: 4.8.0 (/opt/ros/humble/share/sensor_msgs/cmake)
-- Configuring done
-- Generating done
-- Build files have been written to: /home/hycon/econ_multicam_ros/build/econ_ros
[35m[1mConsolidate compiler generated dependencies of target econ_ros[0m
[ 10%] [32mBuilding C object CMakeFiles/econ_ros.dir/src/gst_ros_publisher.c.o[0m
[ 20%] [32mBuilding C object CMakeFiles/econ_ros.dir/src/main.c.o[0m
[ 30%] [32mBuilding C object CMakeFiles/econ_ros.dir/src/device.c.o[0m
[ 40%] [32mBuilding C object CMakeFiles/econ_ros.dir/src/camera_common.c.o[0m
[ 50%] [32mBuilding C object CMakeFiles/econ_ros.dir/src/v4l2_capture.c.o[0m
[ 60%] [32m[1mLinking CXX executable econ_ros[0m
[100%] Built target econ_ros
-- Install configuration: ""
-- Execute custom install script
-- Up-to-date symlink: /home/hycon/econ_multicam_ros/install/econ_ros/lib/econ_ros/econ_ros
-- Up-to-date symlink: /home/hycon/econ_multicam_ros/install/econ_ros/share/econ_ros//launch/driver.launch.py
-- Up-to-date symlink: /home/hycon/econ_multicam_ros/install/econ_ros/share/ament_index/resource_index/package_run_dependencies/econ_ros
-- Up-to-date symlink: /home/hycon/econ_multicam_ros/install/econ_ros/share/ament_index/resource_index/parent_prefix_path/econ_ros
-- Up-to-date symlink: /home/hycon/econ_multicam_ros/install/econ_ros/share/econ_ros/environment/ament_prefix_path.sh
-- Up-to-date symlink: /home/hycon/econ_multicam_ros/install/econ_ros/share/econ_ros/environment/ament_prefix_path.dsv
-- Up-to-date symlink: /home/hycon/econ_multicam_ros/install/econ_ros/share/econ_ros/environment/path.sh
-- Up-to-date symlink: /home/hycon/econ_multicam_ros/install/econ_ros/share/econ_ros/environment/path.dsv
-- Up-to-date symlink: /home/hycon/econ_multicam_ros/install/econ_ros/share/econ_ros/local_setup.bash
-- Up-to-date symlink: /home/hycon/econ_multicam_ros/install/econ_ros/share/econ_ros/local_setup.sh
-- Up-to-date symlink: /home/hycon/econ_multicam_ros/install/econ_ros/share/econ_ros/local_setup.zsh
-- Up-to-date symlink: /home/hycon/econ_multicam_ros/install/econ_ros/share/econ_ros/local_setup.dsv
-- Symlinking: /home/hycon/econ_multicam_ros/install/econ_ros/share/econ_ros/package.dsv
-- Up-to-date symlink: /home/hycon/econ_multicam_ros/install/econ_ros/share/ament_index/resource_index/packages/econ_ros
-- Up-to-date symlink: /home/hycon/econ_multicam_ros/install/econ_ros/share/econ_ros/cmake/econ_rosConfig.cmake
-- Up-to-date symlink: /home/hycon/econ_multicam_ros/install/econ_ros/share/econ_ros/cmake/econ_rosConfig-version.cmake
-- Up-to-date symlink: /home/hycon/econ_multicam_ros/install/econ_ros/share/econ_ros/package.xml
