-- The C compiler identification is GNU 11.4.0
-- The CXX compiler identification is GNU 11.4.0
-- Detecting C compiler ABI info
-- Detecting C compiler ABI info - done
-- Check for working C compiler: /usr/bin/cc - skipped
-- Detecting C compile features
-- Detecting C compile features - done
-- Detecting CXX compiler ABI info
-- Detecting CXX compiler ABI info - done
-- Check for working CXX compiler: /usr/bin/c++ - skipped
-- Detecting CXX compile features
-- Detecting CXX compile features - done
-- Found PkgConfig: /usr/bin/pkg-config (found version "0.29.2") 
-- Checking for module 'gstreamer-1.0'
--   Found gstreamer-1.0, version 1.20.3
-- Checking for module 'gstreamer-video-1.0'
--   Found gstreamer-video-1.0, version 1.20.1
-- Checking for module 'gstreamer-app-1.0'
--   Found gstreamer-app-1.0, version 1.20.1
-- Checking for module 'x11'
--   Found x11, version 1.7.5
-- Found ament_cmake: 1.3.11 (/opt/ros/humble/share/ament_cmake/cmake)
-- Found Python3: /usr/bin/python3 (found version "3.10.12") found components: Interpreter 
-- Override CMake install command with custom implementation using symlinks instead of copying resources
-- Found rcl: 5.3.9 (/opt/ros/humble/share/rcl/cmake)
-- Found rosidl_generator_c: 3.1.6 (/opt/ros/humble/share/rosidl_generator_c/cmake)
-- Found rosidl_adapter: 3.1.6 (/opt/ros/humble/share/rosidl_adapter/cmake)
-- Found rosidl_generator_cpp: 3.1.6 (/opt/ros/humble/share/rosidl_generator_cpp/cmake)
-- Using all available rosidl_typesupport_c: rosidl_typesupport_fastrtps_c;rosidl_typesupport_introspection_c
-- Using all available rosidl_typesupport_cpp: rosidl_typesupport_fastrtps_cpp;rosidl_typesupport_introspection_cpp
-- Found rmw_implementation_cmake: 6.1.2 (/opt/ros/humble/share/rmw_implementation_cmake/cmake)
-- Found rmw_cyclonedds_cpp: 1.3.4 (/opt/ros/humble/share/rmw_cyclonedds_cpp/cmake)
-- Using RMW implementation 'rmw_cyclonedds_cpp' as default
-- Looking for pthread.h
-- Looking for pthread.h - found
-- Performing Test CMAKE_HAVE_LIBC_PTHREAD
-- Performing Test CMAKE_HAVE_LIBC_PTHREAD - Success
-- Found Threads: TRUE  
-- Found rclc: 4.0.2 (/opt/ros/humble/share/rclc/cmake)
-- Found sensor_msgs: 4.8.0 (/opt/ros/humble/share/sensor_msgs/cmake)
-- Configuring done
-- Generating done
-- Build files have been written to: /home/hycon/econ_multicam_ros/build/econ_ros
[ 33%] [32mBuilding C object CMakeFiles/econ_ros.dir/src/device.c.o[0m
[ 66%] [32mBuilding C object CMakeFiles/econ_ros.dir/src/main.c.o[0m
[ 77%] [32mBuilding C object CMakeFiles/econ_ros.dir/src/ros_publisher.c.o[0m
[ 66%] [32mBuilding C object CMakeFiles/econ_ros.dir/src/camera_common.c.o[0m
[ 88%] [32mBuilding C object CMakeFiles/econ_ros.dir/src/v4l2_capture.c.o[0m
[ 88%] [32mBuilding CXX object CMakeFiles/econ_ros.dir/src/adaptive_application.cpp.o[0m
[ 77%] [32mBuilding C object CMakeFiles/econ_ros.dir/src/debug.c.o[0m
[ 88%] [32mBuilding C object CMakeFiles/econ_ros.dir/src/draw.c.o[0m
[100%] [32m[1mLinking CXX executable econ_ros[0m
[100%] Built target econ_ros
-- Install configuration: ""
-- Execute custom install script
-- Symlinking: /home/hycon/econ_multicam_ros/install/econ_ros/lib/econ_ros/econ_ros
-- Symlinking: /home/hycon/econ_multicam_ros/install/econ_ros/share/econ_ros//launch/driver.launch.py
-- Symlinking: /home/hycon/econ_multicam_ros/install/econ_ros/share/ament_index/resource_index/package_run_dependencies/econ_ros
-- Symlinking: /home/hycon/econ_multicam_ros/install/econ_ros/share/ament_index/resource_index/parent_prefix_path/econ_ros
-- Symlinking: /home/hycon/econ_multicam_ros/install/econ_ros/share/econ_ros/environment/ament_prefix_path.sh
-- Symlinking: /home/hycon/econ_multicam_ros/install/econ_ros/share/econ_ros/environment/ament_prefix_path.dsv
-- Symlinking: /home/hycon/econ_multicam_ros/install/econ_ros/share/econ_ros/environment/path.sh
-- Symlinking: /home/hycon/econ_multicam_ros/install/econ_ros/share/econ_ros/environment/path.dsv
-- Symlinking: /home/hycon/econ_multicam_ros/install/econ_ros/share/econ_ros/local_setup.bash
-- Symlinking: /home/hycon/econ_multicam_ros/install/econ_ros/share/econ_ros/local_setup.sh
-- Symlinking: /home/hycon/econ_multicam_ros/install/econ_ros/share/econ_ros/local_setup.zsh
-- Symlinking: /home/hycon/econ_multicam_ros/install/econ_ros/share/econ_ros/local_setup.dsv
-- Symlinking: /home/hycon/econ_multicam_ros/install/econ_ros/share/econ_ros/package.dsv
-- Symlinking: /home/hycon/econ_multicam_ros/install/econ_ros/share/ament_index/resource_index/packages/econ_ros
-- Symlinking: /home/hycon/econ_multicam_ros/install/econ_ros/share/econ_ros/cmake/econ_rosConfig.cmake
-- Symlinking: /home/hycon/econ_multicam_ros/install/econ_ros/share/econ_ros/cmake/econ_rosConfig-version.cmake
-- Symlinking: /home/hycon/econ_multicam_ros/install/econ_ros/share/econ_ros/package.xml
