[0.148s] DEBUG:colcon:Command line arguments: ['/usr/bin/colcon', 'build', '--symlink-install', '--packages-select', 'econ_ros', '--parallel-workers', '1']
[0.148s] DEBUG:colcon:Parsed command line arguments: Namespace(log_base=None, log_level=None, verb_name='build', build_base='build', install_base='install', merge_install=False, symlink_install=True, test_result_base=None, continue_on_error=False, executor='parallel', parallel_workers=1, event_handlers=None, ignore_user_meta=False, metas=['./colcon.meta'], base_paths=['.'], packages_ignore=None, packages_ignore_regex=None, paths=None, packages_up_to=None, packages_up_to_regex=None, packages_above=None, packages_above_and_dependencies=None, packages_above_depth=None, packages_select_by_dep=None, packages_skip_by_dep=None, packages_skip_up_to=None, packages_select_build_failed=False, packages_skip_build_finished=False, packages_select_test_failures=False, packages_skip_test_passed=False, packages_select=['econ_ros'], packages_skip=None, packages_select_regex=None, packages_skip_regex=None, packages_start=None, packages_end=None, allow_overriding=[], cmake_args=None, cmake_target=None, cmake_target_skip_unavailable=False, cmake_clean_cache=False, cmake_clean_first=False, cmake_force_configure=False, ament_cmake_args=None, catkin_cmake_args=None, catkin_skip_building_tests=False, verb_parser=<colcon_defaults.argument_parser.defaults.DefaultArgumentsDecorator object at 0xffffb3e371c0>, verb_extension=<colcon_core.verb.build.BuildVerb object at 0xffffb3e36c80>, main=<bound method BuildVerb.main of <colcon_core.verb.build.BuildVerb object at 0xffffb3e36c80>>)
[0.372s] Level 1:colcon.colcon_core.package_discovery:discover_packages(colcon_meta) check parameters
[0.372s] Level 1:colcon.colcon_core.package_discovery:discover_packages(recursive) check parameters
[0.372s] Level 1:colcon.colcon_core.package_discovery:discover_packages(ignore) check parameters
[0.372s] Level 1:colcon.colcon_core.package_discovery:discover_packages(path) check parameters
[0.372s] Level 1:colcon.colcon_core.package_discovery:discover_packages(colcon_meta) discover
[0.372s] Level 1:colcon.colcon_core.package_discovery:discover_packages(recursive) discover
[0.372s] INFO:colcon.colcon_core.package_discovery:Crawling recursively for packages in '/home/hycon/econ_multicam_ros'
[0.373s] Level 1:colcon.colcon_core.package_identification:_identify(.) by extensions ['ignore', 'ignore_ament_install']
[0.373s] Level 1:colcon.colcon_core.package_identification:_identify(.) by extension 'ignore'
[0.373s] Level 1:colcon.colcon_core.package_identification:_identify(.) by extension 'ignore_ament_install'
[0.373s] Level 1:colcon.colcon_core.package_identification:_identify(.) by extensions ['colcon_pkg']
[0.373s] Level 1:colcon.colcon_core.package_identification:_identify(.) by extension 'colcon_pkg'
[0.373s] Level 1:colcon.colcon_core.package_identification:_identify(.) by extensions ['colcon_meta']
[0.373s] Level 1:colcon.colcon_core.package_identification:_identify(.) by extension 'colcon_meta'
[0.373s] Level 1:colcon.colcon_core.package_identification:_identify(.) by extensions ['ros']
[0.373s] Level 1:colcon.colcon_core.package_identification:_identify(.) by extension 'ros'
[0.390s] Level 1:colcon.colcon_core.package_identification:_identify(.) by extensions ['cmake', 'python']
[0.390s] Level 1:colcon.colcon_core.package_identification:_identify(.) by extension 'cmake'
[0.390s] Level 1:colcon.colcon_core.package_identification:_identify(.) by extension 'python'
[0.390s] Level 1:colcon.colcon_core.package_identification:_identify(.) by extensions ['python_setup_py']
[0.390s] Level 1:colcon.colcon_core.package_identification:_identify(.) by extension 'python_setup_py'
[0.391s] Level 1:colcon.colcon_core.package_identification:_identify(build) by extensions ['ignore', 'ignore_ament_install']
[0.391s] Level 1:colcon.colcon_core.package_identification:_identify(build) by extension 'ignore'
[0.391s] Level 1:colcon.colcon_core.package_identification:_identify(build) ignored
[0.391s] Level 1:colcon.colcon_core.package_identification:_identify(install) by extensions ['ignore', 'ignore_ament_install']
[0.391s] Level 1:colcon.colcon_core.package_identification:_identify(install) by extension 'ignore'
[0.391s] Level 1:colcon.colcon_core.package_identification:_identify(install) ignored
[0.391s] Level 1:colcon.colcon_core.package_identification:_identify(log) by extensions ['ignore', 'ignore_ament_install']
[0.392s] Level 1:colcon.colcon_core.package_identification:_identify(log) by extension 'ignore'
[0.392s] Level 1:colcon.colcon_core.package_identification:_identify(log) ignored
[0.392s] Level 1:colcon.colcon_core.package_identification:_identify(src) by extensions ['ignore', 'ignore_ament_install']
[0.392s] Level 1:colcon.colcon_core.package_identification:_identify(src) by extension 'ignore'
[0.392s] Level 1:colcon.colcon_core.package_identification:_identify(src) by extension 'ignore_ament_install'
[0.392s] Level 1:colcon.colcon_core.package_identification:_identify(src) by extensions ['colcon_pkg']
[0.392s] Level 1:colcon.colcon_core.package_identification:_identify(src) by extension 'colcon_pkg'
[0.392s] Level 1:colcon.colcon_core.package_identification:_identify(src) by extensions ['colcon_meta']
[0.392s] Level 1:colcon.colcon_core.package_identification:_identify(src) by extension 'colcon_meta'
[0.392s] Level 1:colcon.colcon_core.package_identification:_identify(src) by extensions ['ros']
[0.392s] Level 1:colcon.colcon_core.package_identification:_identify(src) by extension 'ros'
[0.392s] Level 1:colcon.colcon_core.package_identification:_identify(src) by extensions ['cmake', 'python']
[0.393s] Level 1:colcon.colcon_core.package_identification:_identify(src) by extension 'cmake'
[0.393s] Level 1:colcon.colcon_core.package_identification:_identify(src) by extension 'python'
[0.393s] Level 1:colcon.colcon_core.package_identification:_identify(src) by extensions ['python_setup_py']
[0.393s] Level 1:colcon.colcon_core.package_identification:_identify(src) by extension 'python_setup_py'
[0.393s] Level 1:colcon.colcon_core.package_identification:_identify(src/econ_ros) by extensions ['ignore', 'ignore_ament_install']
[0.393s] Level 1:colcon.colcon_core.package_identification:_identify(src/econ_ros) by extension 'ignore'
[0.393s] Level 1:colcon.colcon_core.package_identification:_identify(src/econ_ros) by extension 'ignore_ament_install'
[0.393s] Level 1:colcon.colcon_core.package_identification:_identify(src/econ_ros) by extensions ['colcon_pkg']
[0.393s] Level 1:colcon.colcon_core.package_identification:_identify(src/econ_ros) by extension 'colcon_pkg'
[0.393s] Level 1:colcon.colcon_core.package_identification:_identify(src/econ_ros) by extensions ['colcon_meta']
[0.393s] Level 1:colcon.colcon_core.package_identification:_identify(src/econ_ros) by extension 'colcon_meta'
[0.393s] Level 1:colcon.colcon_core.package_identification:_identify(src/econ_ros) by extensions ['ros']
[0.393s] Level 1:colcon.colcon_core.package_identification:_identify(src/econ_ros) by extension 'ros'
[0.397s] DEBUG:colcon.colcon_core.package_identification:Package 'src/econ_ros' with type 'ros.ament_cmake' and name 'econ_ros'
[0.397s] Level 1:colcon.colcon_core.package_discovery:discover_packages(recursive) using defaults
[0.397s] Level 1:colcon.colcon_core.package_discovery:discover_packages(ignore) discover
[0.397s] Level 1:colcon.colcon_core.package_discovery:discover_packages(ignore) using defaults
[0.397s] Level 1:colcon.colcon_core.package_discovery:discover_packages(path) discover
[0.397s] Level 1:colcon.colcon_core.package_discovery:discover_packages(path) using defaults
[0.424s] Level 1:colcon.colcon_core.package_discovery:discover_packages(prefix_path) check parameters
[0.424s] Level 1:colcon.colcon_core.package_discovery:discover_packages(prefix_path) discover
[0.427s] DEBUG:colcon.colcon_installed_package_information.package_discovery:Found 273 installed packages in /opt/ros/humble
[0.430s] Level 1:colcon.colcon_core.package_discovery:discover_packages(prefix_path) using defaults
[0.501s] Level 5:colcon.colcon_core.verb:set package 'econ_ros' build argument 'cmake_args' from command line to 'None'
[0.501s] Level 5:colcon.colcon_core.verb:set package 'econ_ros' build argument 'cmake_target' from command line to 'None'
[0.501s] Level 5:colcon.colcon_core.verb:set package 'econ_ros' build argument 'cmake_target_skip_unavailable' from command line to 'False'
[0.501s] Level 5:colcon.colcon_core.verb:set package 'econ_ros' build argument 'cmake_clean_cache' from command line to 'False'
[0.501s] Level 5:colcon.colcon_core.verb:set package 'econ_ros' build argument 'cmake_clean_first' from command line to 'False'
[0.501s] Level 5:colcon.colcon_core.verb:set package 'econ_ros' build argument 'cmake_force_configure' from command line to 'False'
[0.501s] Level 5:colcon.colcon_core.verb:set package 'econ_ros' build argument 'ament_cmake_args' from command line to 'None'
[0.501s] Level 5:colcon.colcon_core.verb:set package 'econ_ros' build argument 'catkin_cmake_args' from command line to 'None'
[0.501s] Level 5:colcon.colcon_core.verb:set package 'econ_ros' build argument 'catkin_skip_building_tests' from command line to 'False'
[0.501s] DEBUG:colcon.colcon_core.verb:Building package 'econ_ros' with the following arguments: {'ament_cmake_args': None, 'build_base': '/home/hycon/econ_multicam_ros/build/econ_ros', 'catkin_cmake_args': None, 'catkin_skip_building_tests': False, 'cmake_args': None, 'cmake_clean_cache': False, 'cmake_clean_first': False, 'cmake_force_configure': False, 'cmake_target': None, 'cmake_target_skip_unavailable': False, 'install_base': '/home/hycon/econ_multicam_ros/install/econ_ros', 'merge_install': False, 'path': '/home/hycon/econ_multicam_ros/src/econ_ros', 'symlink_install': True, 'test_result_base': None}
[0.502s] INFO:colcon.colcon_core.executor:Executing jobs using 'parallel' executor
[0.503s] DEBUG:colcon.colcon_parallel_executor.executor.parallel:run_until_complete
[0.504s] INFO:colcon.colcon_ros.task.ament_cmake.build:Building ROS package in '/home/hycon/econ_multicam_ros/src/econ_ros' with build type 'ament_cmake'
[0.504s] INFO:colcon.colcon_cmake.task.cmake.build:Building CMake package in '/home/hycon/econ_multicam_ros/src/econ_ros'
[0.507s] INFO:colcon.colcon_core.plugin_system:Skipping extension 'colcon_core.shell.bat': Not used on non-Windows systems
[0.507s] INFO:colcon.colcon_core.shell:Skip shell extension 'powershell' for command environment: Not usable outside of PowerShell
[0.507s] DEBUG:colcon.colcon_core.shell:Skip shell extension 'dsv' for command environment
[0.520s] DEBUG:colcon.colcon_core.event_handler.log_command:Invoking command in '/home/hycon/econ_multicam_ros/build/econ_ros': CMAKE_PREFIX_PATH=/opt/ros/humble /usr/bin/cmake /home/hycon/econ_multicam_ros/src/econ_ros -DAMENT_CMAKE_SYMLINK_INSTALL=1 -DCMAKE_INSTALL_PREFIX=/home/hycon/econ_multicam_ros/install/econ_ros
[1.177s] DEBUG:colcon.colcon_core.event_handler.log_command:Invoked command in '/home/hycon/econ_multicam_ros/build/econ_ros' returned '0': CMAKE_PREFIX_PATH=/opt/ros/humble /usr/bin/cmake /home/hycon/econ_multicam_ros/src/econ_ros -DAMENT_CMAKE_SYMLINK_INSTALL=1 -DCMAKE_INSTALL_PREFIX=/home/hycon/econ_multicam_ros/install/econ_ros
[1.182s] DEBUG:colcon.colcon_core.event_handler.log_command:Invoking command in '/home/hycon/econ_multicam_ros/build/econ_ros': CMAKE_PREFIX_PATH=/opt/ros/humble /usr/bin/cmake --build /home/hycon/econ_multicam_ros/build/econ_ros -- -j12 -l12
[1.949s] DEBUG:colcon.colcon_core.event_handler.log_command:Invoked command in '/home/hycon/econ_multicam_ros/build/econ_ros' returned '0': CMAKE_PREFIX_PATH=/opt/ros/humble /usr/bin/cmake --build /home/hycon/econ_multicam_ros/build/econ_ros -- -j12 -l12
[1.966s] DEBUG:colcon.colcon_core.event_handler.log_command:Invoking command in '/home/hycon/econ_multicam_ros/build/econ_ros': CMAKE_PREFIX_PATH=/opt/ros/humble /usr/bin/cmake --install /home/hycon/econ_multicam_ros/build/econ_ros
[2.004s] Level 1:colcon.colcon_core.environment:create_environment_scripts_only(econ_ros)
[2.006s] DEBUG:colcon.colcon_core.event_handler.log_command:Invoked command in '/home/hycon/econ_multicam_ros/build/econ_ros' returned '0': CMAKE_PREFIX_PATH=/opt/ros/humble /usr/bin/cmake --install /home/hycon/econ_multicam_ros/build/econ_ros
[2.014s] Level 1:colcon.colcon_core.environment:checking '/home/hycon/econ_multicam_ros/install/econ_ros' for CMake module files
[2.016s] Level 1:colcon.colcon_core.environment:checking '/home/hycon/econ_multicam_ros/install/econ_ros' for CMake config files
[2.018s] Level 1:colcon.colcon_core.shell:create_environment_hook('econ_ros', 'cmake_prefix_path')
[2.019s] INFO:colcon.colcon_core.shell:Creating environment hook '/home/hycon/econ_multicam_ros/install/econ_ros/share/econ_ros/hook/cmake_prefix_path.ps1'
[2.021s] INFO:colcon.colcon_core.shell:Creating environment descriptor '/home/hycon/econ_multicam_ros/install/econ_ros/share/econ_ros/hook/cmake_prefix_path.dsv'
[2.023s] INFO:colcon.colcon_core.shell:Creating environment hook '/home/hycon/econ_multicam_ros/install/econ_ros/share/econ_ros/hook/cmake_prefix_path.sh'
[2.026s] Level 1:colcon.colcon_core.environment:checking '/home/hycon/econ_multicam_ros/install/econ_ros/lib'
[2.027s] Level 1:colcon.colcon_core.environment:checking '/home/hycon/econ_multicam_ros/install/econ_ros/bin'
[2.027s] Level 1:colcon.colcon_core.environment:checking '/home/hycon/econ_multicam_ros/install/econ_ros/lib/pkgconfig/econ_ros.pc'
[2.028s] Level 1:colcon.colcon_core.environment:checking '/home/hycon/econ_multicam_ros/install/econ_ros/lib/python3.10/site-packages'
[2.029s] Level 1:colcon.colcon_core.environment:checking '/home/hycon/econ_multicam_ros/install/econ_ros/bin'
[2.030s] INFO:colcon.colcon_core.shell:Creating package script '/home/hycon/econ_multicam_ros/install/econ_ros/share/econ_ros/package.ps1'
[2.033s] INFO:colcon.colcon_core.shell:Creating package descriptor '/home/hycon/econ_multicam_ros/install/econ_ros/share/econ_ros/package.dsv'
[2.035s] INFO:colcon.colcon_core.shell:Creating package script '/home/hycon/econ_multicam_ros/install/econ_ros/share/econ_ros/package.sh'
[2.038s] INFO:colcon.colcon_core.shell:Creating package script '/home/hycon/econ_multicam_ros/install/econ_ros/share/econ_ros/package.bash'
[2.040s] INFO:colcon.colcon_core.shell:Creating package script '/home/hycon/econ_multicam_ros/install/econ_ros/share/econ_ros/package.zsh'
[2.044s] Level 1:colcon.colcon_core.environment:create_file_with_runtime_dependencies(/home/hycon/econ_multicam_ros/install/econ_ros/share/colcon-core/packages/econ_ros)
[2.046s] Level 1:colcon.colcon_core.environment:create_environment_scripts_only(econ_ros)
[2.047s] Level 1:colcon.colcon_core.environment:checking '/home/hycon/econ_multicam_ros/install/econ_ros' for CMake module files
[2.049s] Level 1:colcon.colcon_core.environment:checking '/home/hycon/econ_multicam_ros/install/econ_ros' for CMake config files
[2.050s] Level 1:colcon.colcon_core.shell:create_environment_hook('econ_ros', 'cmake_prefix_path')
[2.051s] INFO:colcon.colcon_core.shell:Creating environment hook '/home/hycon/econ_multicam_ros/install/econ_ros/share/econ_ros/hook/cmake_prefix_path.ps1'
[2.052s] INFO:colcon.colcon_core.shell:Creating environment descriptor '/home/hycon/econ_multicam_ros/install/econ_ros/share/econ_ros/hook/cmake_prefix_path.dsv'
[2.053s] INFO:colcon.colcon_core.shell:Creating environment hook '/home/hycon/econ_multicam_ros/install/econ_ros/share/econ_ros/hook/cmake_prefix_path.sh'
[2.055s] Level 1:colcon.colcon_core.environment:checking '/home/hycon/econ_multicam_ros/install/econ_ros/lib'
[2.056s] Level 1:colcon.colcon_core.environment:checking '/home/hycon/econ_multicam_ros/install/econ_ros/bin'
[2.056s] Level 1:colcon.colcon_core.environment:checking '/home/hycon/econ_multicam_ros/install/econ_ros/lib/pkgconfig/econ_ros.pc'
[2.057s] Level 1:colcon.colcon_core.environment:checking '/home/hycon/econ_multicam_ros/install/econ_ros/lib/python3.10/site-packages'
[2.057s] Level 1:colcon.colcon_core.environment:checking '/home/hycon/econ_multicam_ros/install/econ_ros/bin'
[2.058s] INFO:colcon.colcon_core.shell:Creating package script '/home/hycon/econ_multicam_ros/install/econ_ros/share/econ_ros/package.ps1'
[2.059s] INFO:colcon.colcon_core.shell:Creating package descriptor '/home/hycon/econ_multicam_ros/install/econ_ros/share/econ_ros/package.dsv'
[2.061s] INFO:colcon.colcon_core.shell:Creating package script '/home/hycon/econ_multicam_ros/install/econ_ros/share/econ_ros/package.sh'
[2.062s] INFO:colcon.colcon_core.shell:Creating package script '/home/hycon/econ_multicam_ros/install/econ_ros/share/econ_ros/package.bash'
[2.063s] INFO:colcon.colcon_core.shell:Creating package script '/home/hycon/econ_multicam_ros/install/econ_ros/share/econ_ros/package.zsh'
[2.065s] Level 1:colcon.colcon_core.environment:create_file_with_runtime_dependencies(/home/hycon/econ_multicam_ros/install/econ_ros/share/colcon-core/packages/econ_ros)
[2.065s] DEBUG:colcon.colcon_parallel_executor.executor.parallel:closing loop
[2.066s] DEBUG:colcon.colcon_parallel_executor.executor.parallel:loop closed
[2.067s] DEBUG:colcon.colcon_parallel_executor.executor.parallel:run_until_complete finished with '0'
[2.067s] DEBUG:colcon.colcon_core.event_reactor:joining thread
[2.084s] INFO:colcon.colcon_core.plugin_system:Skipping extension 'colcon_notification.desktop_notification.terminal_notifier': Not used on non-Darwin systems
[2.085s] INFO:colcon.colcon_core.plugin_system:Skipping extension 'colcon_notification.desktop_notification.win32': Not used on non-Windows systems
[2.085s] INFO:colcon.colcon_notification.desktop_notification:Sending desktop notification using 'notify2'
[2.108s] DEBUG:colcon.colcon_notification.desktop_notification.notify2:Failed to initialize notify2: org.freedesktop.DBus.Error.Spawn.ChildExited: Process org.freedesktop.Notifications exited with status 1
[2.109s] DEBUG:colcon.colcon_core.event_reactor:joined thread
[2.110s] INFO:colcon.colcon_core.shell:Creating prefix script '/home/hycon/econ_multicam_ros/install/local_setup.ps1'
[2.112s] INFO:colcon.colcon_core.shell:Creating prefix util module '/home/hycon/econ_multicam_ros/install/_local_setup_util_ps1.py'
[2.118s] INFO:colcon.colcon_core.shell:Creating prefix chain script '/home/hycon/econ_multicam_ros/install/setup.ps1'
[2.122s] INFO:colcon.colcon_core.shell:Creating prefix script '/home/hycon/econ_multicam_ros/install/local_setup.sh'
[2.123s] INFO:colcon.colcon_core.shell:Creating prefix util module '/home/hycon/econ_multicam_ros/install/_local_setup_util_sh.py'
[2.126s] INFO:colcon.colcon_core.shell:Creating prefix chain script '/home/hycon/econ_multicam_ros/install/setup.sh'
[2.129s] INFO:colcon.colcon_core.shell:Creating prefix script '/home/hycon/econ_multicam_ros/install/local_setup.bash'
[2.130s] INFO:colcon.colcon_core.shell:Creating prefix chain script '/home/hycon/econ_multicam_ros/install/setup.bash'
[2.133s] INFO:colcon.colcon_core.shell:Creating prefix script '/home/hycon/econ_multicam_ros/install/local_setup.zsh'
[2.135s] INFO:colcon.colcon_core.shell:Creating prefix chain script '/home/hycon/econ_multicam_ros/install/setup.zsh'
