[0.146s] DEBUG:colcon:Command line arguments: ['/usr/bin/colcon', 'build', '--packages-select', 'econ_ros']
[0.146s] DEBUG:colcon:Parsed command line arguments: Namespace(log_base=None, log_level=None, verb_name='build', build_base='build', install_base='install', merge_install=False, symlink_install=False, test_result_base=None, continue_on_error=False, executor='parallel', parallel_workers=12, event_handlers=None, ignore_user_meta=False, metas=['./colcon.meta'], base_paths=['.'], packages_ignore=None, packages_ignore_regex=None, paths=None, packages_up_to=None, packages_up_to_regex=None, packages_above=None, packages_above_and_dependencies=None, packages_above_depth=None, packages_select_by_dep=None, packages_skip_by_dep=None, packages_skip_up_to=None, packages_select_build_failed=False, packages_skip_build_finished=False, packages_select_test_failures=False, packages_skip_test_passed=False, packages_select=['econ_ros'], packages_skip=None, packages_select_regex=None, packages_skip_regex=None, packages_start=None, packages_end=None, allow_overriding=[], cmake_args=None, cmake_target=None, cmake_target_skip_unavailable=False, cmake_clean_cache=False, cmake_clean_first=False, cmake_force_configure=False, ament_cmake_args=None, catkin_cmake_args=None, catkin_skip_building_tests=False, verb_parser=<colcon_defaults.argument_parser.defaults.DefaultArgumentsDecorator object at 0xffffa3167190>, verb_extension=<colcon_core.verb.build.BuildVerb object at 0xffffa3166c50>, main=<bound method BuildVerb.main of <colcon_core.verb.build.BuildVerb object at 0xffffa3166c50>>)
[0.369s] Level 1:colcon.colcon_core.package_discovery:discover_packages(colcon_meta) check parameters
[0.369s] Level 1:colcon.colcon_core.package_discovery:discover_packages(recursive) check parameters
[0.370s] Level 1:colcon.colcon_core.package_discovery:discover_packages(ignore) check parameters
[0.370s] Level 1:colcon.colcon_core.package_discovery:discover_packages(path) check parameters
[0.370s] Level 1:colcon.colcon_core.package_discovery:discover_packages(colcon_meta) discover
[0.370s] Level 1:colcon.colcon_core.package_discovery:discover_packages(recursive) discover
[0.370s] INFO:colcon.colcon_core.package_discovery:Crawling recursively for packages in '/home/hycon/econ_multicam_ros'
[0.370s] Level 1:colcon.colcon_core.package_identification:_identify(.) by extensions ['ignore', 'ignore_ament_install']
[0.370s] Level 1:colcon.colcon_core.package_identification:_identify(.) by extension 'ignore'
[0.370s] Level 1:colcon.colcon_core.package_identification:_identify(.) by extension 'ignore_ament_install'
[0.370s] Level 1:colcon.colcon_core.package_identification:_identify(.) by extensions ['colcon_pkg']
[0.370s] Level 1:colcon.colcon_core.package_identification:_identify(.) by extension 'colcon_pkg'
[0.370s] Level 1:colcon.colcon_core.package_identification:_identify(.) by extensions ['colcon_meta']
[0.371s] Level 1:colcon.colcon_core.package_identification:_identify(.) by extension 'colcon_meta'
[0.371s] Level 1:colcon.colcon_core.package_identification:_identify(.) by extensions ['ros']
[0.371s] Level 1:colcon.colcon_core.package_identification:_identify(.) by extension 'ros'
[0.387s] Level 1:colcon.colcon_core.package_identification:_identify(.) by extensions ['cmake', 'python']
[0.387s] Level 1:colcon.colcon_core.package_identification:_identify(.) by extension 'cmake'
[0.387s] Level 1:colcon.colcon_core.package_identification:_identify(.) by extension 'python'
[0.387s] Level 1:colcon.colcon_core.package_identification:_identify(.) by extensions ['python_setup_py']
[0.387s] Level 1:colcon.colcon_core.package_identification:_identify(.) by extension 'python_setup_py'
[0.387s] Level 1:colcon.colcon_core.package_identification:_identify(build) by extensions ['ignore', 'ignore_ament_install']
[0.387s] Level 1:colcon.colcon_core.package_identification:_identify(build) by extension 'ignore'
[0.388s] Level 1:colcon.colcon_core.package_identification:_identify(build) ignored
[0.388s] Level 1:colcon.colcon_core.package_identification:_identify(install) by extensions ['ignore', 'ignore_ament_install']
[0.388s] Level 1:colcon.colcon_core.package_identification:_identify(install) by extension 'ignore'
[0.388s] Level 1:colcon.colcon_core.package_identification:_identify(install) ignored
[0.388s] Level 1:colcon.colcon_core.package_identification:_identify(log) by extensions ['ignore', 'ignore_ament_install']
[0.388s] Level 1:colcon.colcon_core.package_identification:_identify(log) by extension 'ignore'
[0.388s] Level 1:colcon.colcon_core.package_identification:_identify(log) ignored
[0.388s] Level 1:colcon.colcon_core.package_identification:_identify(src) by extensions ['ignore', 'ignore_ament_install']
[0.389s] Level 1:colcon.colcon_core.package_identification:_identify(src) by extension 'ignore'
[0.389s] Level 1:colcon.colcon_core.package_identification:_identify(src) by extension 'ignore_ament_install'
[0.389s] Level 1:colcon.colcon_core.package_identification:_identify(src) by extensions ['colcon_pkg']
[0.389s] Level 1:colcon.colcon_core.package_identification:_identify(src) by extension 'colcon_pkg'
[0.389s] Level 1:colcon.colcon_core.package_identification:_identify(src) by extensions ['colcon_meta']
[0.389s] Level 1:colcon.colcon_core.package_identification:_identify(src) by extension 'colcon_meta'
[0.389s] Level 1:colcon.colcon_core.package_identification:_identify(src) by extensions ['ros']
[0.389s] Level 1:colcon.colcon_core.package_identification:_identify(src) by extension 'ros'
[0.389s] Level 1:colcon.colcon_core.package_identification:_identify(src) by extensions ['cmake', 'python']
[0.389s] Level 1:colcon.colcon_core.package_identification:_identify(src) by extension 'cmake'
[0.389s] Level 1:colcon.colcon_core.package_identification:_identify(src) by extension 'python'
[0.389s] Level 1:colcon.colcon_core.package_identification:_identify(src) by extensions ['python_setup_py']
[0.389s] Level 1:colcon.colcon_core.package_identification:_identify(src) by extension 'python_setup_py'
[0.390s] Level 1:colcon.colcon_core.package_identification:_identify(src/econ_ros) by extensions ['ignore', 'ignore_ament_install']
[0.390s] Level 1:colcon.colcon_core.package_identification:_identify(src/econ_ros) by extension 'ignore'
[0.390s] Level 1:colcon.colcon_core.package_identification:_identify(src/econ_ros) by extension 'ignore_ament_install'
[0.390s] Level 1:colcon.colcon_core.package_identification:_identify(src/econ_ros) by extensions ['colcon_pkg']
[0.390s] Level 1:colcon.colcon_core.package_identification:_identify(src/econ_ros) by extension 'colcon_pkg'
[0.390s] Level 1:colcon.colcon_core.package_identification:_identify(src/econ_ros) by extensions ['colcon_meta']
[0.390s] Level 1:colcon.colcon_core.package_identification:_identify(src/econ_ros) by extension 'colcon_meta'
[0.390s] Level 1:colcon.colcon_core.package_identification:_identify(src/econ_ros) by extensions ['ros']
[0.390s] Level 1:colcon.colcon_core.package_identification:_identify(src/econ_ros) by extension 'ros'
[0.394s] DEBUG:colcon.colcon_core.package_identification:Package 'src/econ_ros' with type 'ros.ament_cmake' and name 'econ_ros'
[0.394s] Level 1:colcon.colcon_core.package_discovery:discover_packages(recursive) using defaults
[0.394s] Level 1:colcon.colcon_core.package_discovery:discover_packages(ignore) discover
[0.394s] Level 1:colcon.colcon_core.package_discovery:discover_packages(ignore) using defaults
[0.394s] Level 1:colcon.colcon_core.package_discovery:discover_packages(path) discover
[0.394s] Level 1:colcon.colcon_core.package_discovery:discover_packages(path) using defaults
[0.420s] Level 1:colcon.colcon_core.package_discovery:discover_packages(prefix_path) check parameters
[0.420s] Level 1:colcon.colcon_core.package_discovery:discover_packages(prefix_path) discover
[0.423s] DEBUG:colcon.colcon_installed_package_information.package_discovery:Found 1 installed packages in /home/hycon/econ_multicam_ros/install
[0.425s] DEBUG:colcon.colcon_installed_package_information.package_discovery:Found 273 installed packages in /opt/ros/humble
[0.427s] Level 1:colcon.colcon_core.package_discovery:discover_packages(prefix_path) using defaults
[0.498s] Level 5:colcon.colcon_core.verb:set package 'econ_ros' build argument 'cmake_args' from command line to 'None'
[0.498s] Level 5:colcon.colcon_core.verb:set package 'econ_ros' build argument 'cmake_target' from command line to 'None'
[0.498s] Level 5:colcon.colcon_core.verb:set package 'econ_ros' build argument 'cmake_target_skip_unavailable' from command line to 'False'
[0.498s] Level 5:colcon.colcon_core.verb:set package 'econ_ros' build argument 'cmake_clean_cache' from command line to 'False'
[0.498s] Level 5:colcon.colcon_core.verb:set package 'econ_ros' build argument 'cmake_clean_first' from command line to 'False'
[0.498s] Level 5:colcon.colcon_core.verb:set package 'econ_ros' build argument 'cmake_force_configure' from command line to 'False'
[0.498s] Level 5:colcon.colcon_core.verb:set package 'econ_ros' build argument 'ament_cmake_args' from command line to 'None'
[0.498s] Level 5:colcon.colcon_core.verb:set package 'econ_ros' build argument 'catkin_cmake_args' from command line to 'None'
[0.498s] Level 5:colcon.colcon_core.verb:set package 'econ_ros' build argument 'catkin_skip_building_tests' from command line to 'False'
[0.498s] DEBUG:colcon.colcon_core.verb:Building package 'econ_ros' with the following arguments: {'ament_cmake_args': None, 'build_base': '/home/hycon/econ_multicam_ros/build/econ_ros', 'catkin_cmake_args': None, 'catkin_skip_building_tests': False, 'cmake_args': None, 'cmake_clean_cache': False, 'cmake_clean_first': False, 'cmake_force_configure': False, 'cmake_target': None, 'cmake_target_skip_unavailable': False, 'install_base': '/home/hycon/econ_multicam_ros/install/econ_ros', 'merge_install': False, 'path': '/home/hycon/econ_multicam_ros/src/econ_ros', 'symlink_install': False, 'test_result_base': None}
[0.499s] INFO:colcon.colcon_core.executor:Executing jobs using 'parallel' executor
[0.500s] DEBUG:colcon.colcon_parallel_executor.executor.parallel:run_until_complete
[0.501s] INFO:colcon.colcon_ros.task.ament_cmake.build:Building ROS package in '/home/hycon/econ_multicam_ros/src/econ_ros' with build type 'ament_cmake'
[0.501s] INFO:colcon.colcon_cmake.task.cmake.build:Building CMake package in '/home/hycon/econ_multicam_ros/src/econ_ros'
[0.504s] INFO:colcon.colcon_core.plugin_system:Skipping extension 'colcon_core.shell.bat': Not used on non-Windows systems
[0.504s] INFO:colcon.colcon_core.shell:Skip shell extension 'powershell' for command environment: Not usable outside of PowerShell
[0.504s] DEBUG:colcon.colcon_core.shell:Skip shell extension 'dsv' for command environment
[0.517s] DEBUG:colcon.colcon_core.event_handler.log_command:Invoking command in '/home/hycon/econ_multicam_ros/build/econ_ros': CMAKE_PREFIX_PATH=${CMAKE_PREFIX_PATH}:/opt/ros/humble /usr/bin/cmake --build /home/hycon/econ_multicam_ros/build/econ_ros -- -j12 -l12
[0.673s] DEBUG:colcon.colcon_core.event_handler.log_command:Invoked command in '/home/hycon/econ_multicam_ros/build/econ_ros' returned '0': CMAKE_PREFIX_PATH=${CMAKE_PREFIX_PATH}:/opt/ros/humble /usr/bin/cmake --build /home/hycon/econ_multicam_ros/build/econ_ros -- -j12 -l12
[0.690s] DEBUG:colcon.colcon_core.event_handler.log_command:Invoking command in '/home/hycon/econ_multicam_ros/build/econ_ros': CMAKE_PREFIX_PATH=${CMAKE_PREFIX_PATH}:/opt/ros/humble /usr/bin/cmake --install /home/hycon/econ_multicam_ros/build/econ_ros
[0.724s] Level 1:colcon.colcon_core.environment:create_environment_scripts_only(econ_ros)
[0.725s] DEBUG:colcon.colcon_core.event_handler.log_command:Invoked command in '/home/hycon/econ_multicam_ros/build/econ_ros' returned '0': CMAKE_PREFIX_PATH=${CMAKE_PREFIX_PATH}:/opt/ros/humble /usr/bin/cmake --install /home/hycon/econ_multicam_ros/build/econ_ros
[0.733s] Level 1:colcon.colcon_core.environment:checking '/home/hycon/econ_multicam_ros/install/econ_ros' for CMake module files
[0.735s] Level 1:colcon.colcon_core.environment:checking '/home/hycon/econ_multicam_ros/install/econ_ros' for CMake config files
[0.736s] Level 1:colcon.colcon_core.shell:create_environment_hook('econ_ros', 'cmake_prefix_path')
[0.737s] INFO:colcon.colcon_core.shell:Creating environment hook '/home/hycon/econ_multicam_ros/install/econ_ros/share/econ_ros/hook/cmake_prefix_path.ps1'
[0.739s] INFO:colcon.colcon_core.shell:Creating environment descriptor '/home/hycon/econ_multicam_ros/install/econ_ros/share/econ_ros/hook/cmake_prefix_path.dsv'
[0.741s] INFO:colcon.colcon_core.shell:Creating environment hook '/home/hycon/econ_multicam_ros/install/econ_ros/share/econ_ros/hook/cmake_prefix_path.sh'
[0.744s] Level 1:colcon.colcon_core.environment:checking '/home/hycon/econ_multicam_ros/install/econ_ros/lib'
[0.745s] Level 1:colcon.colcon_core.environment:checking '/home/hycon/econ_multicam_ros/install/econ_ros/bin'
[0.745s] Level 1:colcon.colcon_core.environment:checking '/home/hycon/econ_multicam_ros/install/econ_ros/lib/pkgconfig/econ_ros.pc'
[0.746s] Level 1:colcon.colcon_core.environment:checking '/home/hycon/econ_multicam_ros/install/econ_ros/lib/python3.10/site-packages'
[0.747s] Level 1:colcon.colcon_core.environment:checking '/home/hycon/econ_multicam_ros/install/econ_ros/bin'
[0.748s] INFO:colcon.colcon_core.shell:Creating package script '/home/hycon/econ_multicam_ros/install/econ_ros/share/econ_ros/package.ps1'
[0.750s] INFO:colcon.colcon_core.shell:Creating package descriptor '/home/hycon/econ_multicam_ros/install/econ_ros/share/econ_ros/package.dsv'
[0.752s] INFO:colcon.colcon_core.shell:Creating package script '/home/hycon/econ_multicam_ros/install/econ_ros/share/econ_ros/package.sh'
[0.755s] INFO:colcon.colcon_core.shell:Creating package script '/home/hycon/econ_multicam_ros/install/econ_ros/share/econ_ros/package.bash'
[0.757s] INFO:colcon.colcon_core.shell:Creating package script '/home/hycon/econ_multicam_ros/install/econ_ros/share/econ_ros/package.zsh'
[0.759s] Level 1:colcon.colcon_core.environment:create_file_with_runtime_dependencies(/home/hycon/econ_multicam_ros/install/econ_ros/share/colcon-core/packages/econ_ros)
[0.761s] Level 1:colcon.colcon_core.environment:create_environment_scripts_only(econ_ros)
[0.762s] Level 1:colcon.colcon_core.environment:checking '/home/hycon/econ_multicam_ros/install/econ_ros' for CMake module files
[0.763s] Level 1:colcon.colcon_core.environment:checking '/home/hycon/econ_multicam_ros/install/econ_ros' for CMake config files
[0.764s] Level 1:colcon.colcon_core.shell:create_environment_hook('econ_ros', 'cmake_prefix_path')
[0.765s] INFO:colcon.colcon_core.shell:Creating environment hook '/home/hycon/econ_multicam_ros/install/econ_ros/share/econ_ros/hook/cmake_prefix_path.ps1'
[0.766s] INFO:colcon.colcon_core.shell:Creating environment descriptor '/home/hycon/econ_multicam_ros/install/econ_ros/share/econ_ros/hook/cmake_prefix_path.dsv'
[0.767s] INFO:colcon.colcon_core.shell:Creating environment hook '/home/hycon/econ_multicam_ros/install/econ_ros/share/econ_ros/hook/cmake_prefix_path.sh'
[0.769s] Level 1:colcon.colcon_core.environment:checking '/home/hycon/econ_multicam_ros/install/econ_ros/lib'
[0.769s] Level 1:colcon.colcon_core.environment:checking '/home/hycon/econ_multicam_ros/install/econ_ros/bin'
[0.769s] Level 1:colcon.colcon_core.environment:checking '/home/hycon/econ_multicam_ros/install/econ_ros/lib/pkgconfig/econ_ros.pc'
[0.770s] Level 1:colcon.colcon_core.environment:checking '/home/hycon/econ_multicam_ros/install/econ_ros/lib/python3.10/site-packages'
[0.770s] Level 1:colcon.colcon_core.environment:checking '/home/hycon/econ_multicam_ros/install/econ_ros/bin'
[0.771s] INFO:colcon.colcon_core.shell:Creating package script '/home/hycon/econ_multicam_ros/install/econ_ros/share/econ_ros/package.ps1'
[0.772s] INFO:colcon.colcon_core.shell:Creating package descriptor '/home/hycon/econ_multicam_ros/install/econ_ros/share/econ_ros/package.dsv'
[0.774s] INFO:colcon.colcon_core.shell:Creating package script '/home/hycon/econ_multicam_ros/install/econ_ros/share/econ_ros/package.sh'
[0.775s] INFO:colcon.colcon_core.shell:Creating package script '/home/hycon/econ_multicam_ros/install/econ_ros/share/econ_ros/package.bash'
[0.776s] INFO:colcon.colcon_core.shell:Creating package script '/home/hycon/econ_multicam_ros/install/econ_ros/share/econ_ros/package.zsh'
[0.777s] Level 1:colcon.colcon_core.environment:create_file_with_runtime_dependencies(/home/hycon/econ_multicam_ros/install/econ_ros/share/colcon-core/packages/econ_ros)
[0.777s] DEBUG:colcon.colcon_parallel_executor.executor.parallel:closing loop
[0.778s] DEBUG:colcon.colcon_parallel_executor.executor.parallel:loop closed
[0.778s] DEBUG:colcon.colcon_parallel_executor.executor.parallel:run_until_complete finished with '0'
[0.778s] DEBUG:colcon.colcon_core.event_reactor:joining thread
[0.792s] INFO:colcon.colcon_core.plugin_system:Skipping extension 'colcon_notification.desktop_notification.terminal_notifier': Not used on non-Darwin systems
[0.792s] INFO:colcon.colcon_core.plugin_system:Skipping extension 'colcon_notification.desktop_notification.win32': Not used on non-Windows systems
[0.792s] INFO:colcon.colcon_notification.desktop_notification:Sending desktop notification using 'notify2'
[0.816s] DEBUG:colcon.colcon_notification.desktop_notification.notify2:Failed to initialize notify2: org.freedesktop.DBus.Error.Spawn.ChildExited: Process org.freedesktop.Notifications exited with status 1
[0.816s] DEBUG:colcon.colcon_core.event_reactor:joined thread
[0.817s] INFO:colcon.colcon_core.shell:Creating prefix script '/home/hycon/econ_multicam_ros/install/local_setup.ps1'
[0.820s] INFO:colcon.colcon_core.shell:Creating prefix util module '/home/hycon/econ_multicam_ros/install/_local_setup_util_ps1.py'
[0.824s] INFO:colcon.colcon_core.shell:Creating prefix chain script '/home/hycon/econ_multicam_ros/install/setup.ps1'
[0.828s] INFO:colcon.colcon_core.shell:Creating prefix script '/home/hycon/econ_multicam_ros/install/local_setup.sh'
[0.830s] INFO:colcon.colcon_core.shell:Creating prefix util module '/home/hycon/econ_multicam_ros/install/_local_setup_util_sh.py'
[0.832s] INFO:colcon.colcon_core.shell:Creating prefix chain script '/home/hycon/econ_multicam_ros/install/setup.sh'
[0.835s] INFO:colcon.colcon_core.shell:Creating prefix script '/home/hycon/econ_multicam_ros/install/local_setup.bash'
[0.836s] INFO:colcon.colcon_core.shell:Creating prefix chain script '/home/hycon/econ_multicam_ros/install/setup.bash'
[0.839s] INFO:colcon.colcon_core.shell:Creating prefix script '/home/hycon/econ_multicam_ros/install/local_setup.zsh'
[0.840s] INFO:colcon.colcon_core.shell:Creating prefix chain script '/home/hycon/econ_multicam_ros/install/setup.zsh'
