[0.145s] DEBUG:colcon:Command line arguments: ['/usr/bin/colcon', 'build']
[0.145s] DEBUG:colcon:Parsed command line arguments: Namespace(log_base=None, log_level=None, verb_name='build', build_base='build', install_base='install', merge_install=False, symlink_install=False, test_result_base=None, continue_on_error=False, executor='parallel', parallel_workers=12, event_handlers=None, ignore_user_meta=False, metas=['./colcon.meta'], base_paths=['.'], packages_ignore=None, packages_ignore_regex=None, paths=None, packages_up_to=None, packages_up_to_regex=None, packages_above=None, packages_above_and_dependencies=None, packages_above_depth=None, packages_select_by_dep=None, packages_skip_by_dep=None, packages_skip_up_to=None, packages_select_build_failed=False, packages_skip_build_finished=False, packages_select_test_failures=False, packages_skip_test_passed=False, packages_select=None, packages_skip=None, packages_select_regex=None, packages_skip_regex=None, packages_start=None, packages_end=None, allow_overriding=[], cmake_args=None, cmake_target=None, cmake_target_skip_unavailable=False, cmake_clean_cache=False, cmake_clean_first=False, cmake_force_configure=False, ament_cmake_args=None, catkin_cmake_args=None, catkin_skip_building_tests=False, verb_parser=<colcon_defaults.argument_parser.defaults.DefaultArgumentsDecorator object at 0xffffaa3670d0>, verb_extension=<colcon_core.verb.build.BuildVerb object at 0xffffaa366b90>, main=<bound method BuildVerb.main of <colcon_core.verb.build.BuildVerb object at 0xffffaa366b90>>)
[0.371s] Level 1:colcon.colcon_core.package_discovery:discover_packages(colcon_meta) check parameters
[0.371s] Level 1:colcon.colcon_core.package_discovery:discover_packages(recursive) check parameters
[0.371s] Level 1:colcon.colcon_core.package_discovery:discover_packages(ignore) check parameters
[0.371s] Level 1:colcon.colcon_core.package_discovery:discover_packages(path) check parameters
[0.372s] Level 1:colcon.colcon_core.package_discovery:discover_packages(colcon_meta) discover
[0.372s] Level 1:colcon.colcon_core.package_discovery:discover_packages(recursive) discover
[0.372s] INFO:colcon.colcon_core.package_discovery:Crawling recursively for packages in '/home/hycon/econ_multicam_ros'
[0.372s] Level 1:colcon.colcon_core.package_identification:_identify(.) by extensions ['ignore', 'ignore_ament_install']
[0.372s] Level 1:colcon.colcon_core.package_identification:_identify(.) by extension 'ignore'
[0.372s] Level 1:colcon.colcon_core.package_identification:_identify(.) by extension 'ignore_ament_install'
[0.372s] Level 1:colcon.colcon_core.package_identification:_identify(.) by extensions ['colcon_pkg']
[0.372s] Level 1:colcon.colcon_core.package_identification:_identify(.) by extension 'colcon_pkg'
[0.372s] Level 1:colcon.colcon_core.package_identification:_identify(.) by extensions ['colcon_meta']
[0.373s] Level 1:colcon.colcon_core.package_identification:_identify(.) by extension 'colcon_meta'
[0.373s] Level 1:colcon.colcon_core.package_identification:_identify(.) by extensions ['ros']
[0.373s] Level 1:colcon.colcon_core.package_identification:_identify(.) by extension 'ros'
[0.389s] Level 1:colcon.colcon_core.package_identification:_identify(.) by extensions ['cmake', 'python']
[0.389s] Level 1:colcon.colcon_core.package_identification:_identify(.) by extension 'cmake'
[0.389s] Level 1:colcon.colcon_core.package_identification:_identify(.) by extension 'python'
[0.389s] Level 1:colcon.colcon_core.package_identification:_identify(.) by extensions ['python_setup_py']
[0.389s] Level 1:colcon.colcon_core.package_identification:_identify(.) by extension 'python_setup_py'
[0.389s] Level 1:colcon.colcon_core.package_identification:_identify(build) by extensions ['ignore', 'ignore_ament_install']
[0.390s] Level 1:colcon.colcon_core.package_identification:_identify(build) by extension 'ignore'
[0.390s] Level 1:colcon.colcon_core.package_identification:_identify(build) ignored
[0.390s] Level 1:colcon.colcon_core.package_identification:_identify(install) by extensions ['ignore', 'ignore_ament_install']
[0.390s] Level 1:colcon.colcon_core.package_identification:_identify(install) by extension 'ignore'
[0.390s] Level 1:colcon.colcon_core.package_identification:_identify(install) ignored
[0.390s] Level 1:colcon.colcon_core.package_identification:_identify(log) by extensions ['ignore', 'ignore_ament_install']
[0.390s] Level 1:colcon.colcon_core.package_identification:_identify(log) by extension 'ignore'
[0.390s] Level 1:colcon.colcon_core.package_identification:_identify(log) ignored
[0.391s] Level 1:colcon.colcon_core.package_identification:_identify(src) by extensions ['ignore', 'ignore_ament_install']
[0.391s] Level 1:colcon.colcon_core.package_identification:_identify(src) by extension 'ignore'
[0.391s] Level 1:colcon.colcon_core.package_identification:_identify(src) by extension 'ignore_ament_install'
[0.391s] Level 1:colcon.colcon_core.package_identification:_identify(src) by extensions ['colcon_pkg']
[0.391s] Level 1:colcon.colcon_core.package_identification:_identify(src) by extension 'colcon_pkg'
[0.391s] Level 1:colcon.colcon_core.package_identification:_identify(src) by extensions ['colcon_meta']
[0.391s] Level 1:colcon.colcon_core.package_identification:_identify(src) by extension 'colcon_meta'
[0.391s] Level 1:colcon.colcon_core.package_identification:_identify(src) by extensions ['ros']
[0.391s] Level 1:colcon.colcon_core.package_identification:_identify(src) by extension 'ros'
[0.391s] Level 1:colcon.colcon_core.package_identification:_identify(src) by extensions ['cmake', 'python']
[0.391s] Level 1:colcon.colcon_core.package_identification:_identify(src) by extension 'cmake'
[0.391s] Level 1:colcon.colcon_core.package_identification:_identify(src) by extension 'python'
[0.391s] Level 1:colcon.colcon_core.package_identification:_identify(src) by extensions ['python_setup_py']
[0.391s] Level 1:colcon.colcon_core.package_identification:_identify(src) by extension 'python_setup_py'
[0.392s] Level 1:colcon.colcon_core.package_identification:_identify(src/econ_ros) by extensions ['ignore', 'ignore_ament_install']
[0.392s] Level 1:colcon.colcon_core.package_identification:_identify(src/econ_ros) by extension 'ignore'
[0.392s] Level 1:colcon.colcon_core.package_identification:_identify(src/econ_ros) by extension 'ignore_ament_install'
[0.392s] Level 1:colcon.colcon_core.package_identification:_identify(src/econ_ros) by extensions ['colcon_pkg']
[0.392s] Level 1:colcon.colcon_core.package_identification:_identify(src/econ_ros) by extension 'colcon_pkg'
[0.392s] Level 1:colcon.colcon_core.package_identification:_identify(src/econ_ros) by extensions ['colcon_meta']
[0.392s] Level 1:colcon.colcon_core.package_identification:_identify(src/econ_ros) by extension 'colcon_meta'
[0.392s] Level 1:colcon.colcon_core.package_identification:_identify(src/econ_ros) by extensions ['ros']
[0.392s] Level 1:colcon.colcon_core.package_identification:_identify(src/econ_ros) by extension 'ros'
[0.396s] DEBUG:colcon.colcon_core.package_identification:Package 'src/econ_ros' with type 'ros.ament_cmake' and name 'econ_ros'
[0.396s] Level 1:colcon.colcon_core.package_discovery:discover_packages(recursive) using defaults
[0.396s] Level 1:colcon.colcon_core.package_discovery:discover_packages(ignore) discover
[0.396s] Level 1:colcon.colcon_core.package_discovery:discover_packages(ignore) using defaults
[0.396s] Level 1:colcon.colcon_core.package_discovery:discover_packages(path) discover
[0.396s] Level 1:colcon.colcon_core.package_discovery:discover_packages(path) using defaults
[0.422s] Level 1:colcon.colcon_core.package_discovery:discover_packages(prefix_path) check parameters
[0.422s] Level 1:colcon.colcon_core.package_discovery:discover_packages(prefix_path) discover
[0.425s] DEBUG:colcon.colcon_installed_package_information.package_discovery:Found 273 installed packages in /opt/ros/humble
[0.428s] Level 1:colcon.colcon_core.package_discovery:discover_packages(prefix_path) using defaults
[0.498s] Level 5:colcon.colcon_core.verb:set package 'econ_ros' build argument 'cmake_args' from command line to 'None'
[0.498s] Level 5:colcon.colcon_core.verb:set package 'econ_ros' build argument 'cmake_target' from command line to 'None'
[0.498s] Level 5:colcon.colcon_core.verb:set package 'econ_ros' build argument 'cmake_target_skip_unavailable' from command line to 'False'
[0.498s] Level 5:colcon.colcon_core.verb:set package 'econ_ros' build argument 'cmake_clean_cache' from command line to 'False'
[0.498s] Level 5:colcon.colcon_core.verb:set package 'econ_ros' build argument 'cmake_clean_first' from command line to 'False'
[0.498s] Level 5:colcon.colcon_core.verb:set package 'econ_ros' build argument 'cmake_force_configure' from command line to 'False'
[0.499s] Level 5:colcon.colcon_core.verb:set package 'econ_ros' build argument 'ament_cmake_args' from command line to 'None'
[0.499s] Level 5:colcon.colcon_core.verb:set package 'econ_ros' build argument 'catkin_cmake_args' from command line to 'None'
[0.499s] Level 5:colcon.colcon_core.verb:set package 'econ_ros' build argument 'catkin_skip_building_tests' from command line to 'False'
[0.499s] DEBUG:colcon.colcon_core.verb:Building package 'econ_ros' with the following arguments: {'ament_cmake_args': None, 'build_base': '/home/hycon/econ_multicam_ros/build/econ_ros', 'catkin_cmake_args': None, 'catkin_skip_building_tests': False, 'cmake_args': None, 'cmake_clean_cache': False, 'cmake_clean_first': False, 'cmake_force_configure': False, 'cmake_target': None, 'cmake_target_skip_unavailable': False, 'install_base': '/home/hycon/econ_multicam_ros/install/econ_ros', 'merge_install': False, 'path': '/home/hycon/econ_multicam_ros/src/econ_ros', 'symlink_install': False, 'test_result_base': None}
[0.499s] INFO:colcon.colcon_core.executor:Executing jobs using 'parallel' executor
[0.501s] DEBUG:colcon.colcon_parallel_executor.executor.parallel:run_until_complete
[0.501s] INFO:colcon.colcon_ros.task.ament_cmake.build:Building ROS package in '/home/hycon/econ_multicam_ros/src/econ_ros' with build type 'ament_cmake'
[0.502s] INFO:colcon.colcon_cmake.task.cmake.build:Building CMake package in '/home/hycon/econ_multicam_ros/src/econ_ros'
[0.504s] INFO:colcon.colcon_core.plugin_system:Skipping extension 'colcon_core.shell.bat': Not used on non-Windows systems
[0.504s] INFO:colcon.colcon_core.shell:Skip shell extension 'powershell' for command environment: Not usable outside of PowerShell
[0.504s] DEBUG:colcon.colcon_core.shell:Skip shell extension 'dsv' for command environment
[0.518s] DEBUG:colcon.colcon_core.event_handler.log_command:Invoking command in '/home/hycon/econ_multicam_ros/build/econ_ros': CMAKE_PREFIX_PATH=/opt/ros/humble /usr/bin/cmake --build /home/hycon/econ_multicam_ros/build/econ_ros -- -j12 -l12
[1.910s] DEBUG:colcon.colcon_core.event_handler.log_command:Invoked command in '/home/hycon/econ_multicam_ros/build/econ_ros' returned '0': CMAKE_PREFIX_PATH=/opt/ros/humble /usr/bin/cmake --build /home/hycon/econ_multicam_ros/build/econ_ros -- -j12 -l12
[1.931s] DEBUG:colcon.colcon_core.event_handler.log_command:Invoking command in '/home/hycon/econ_multicam_ros/build/econ_ros': CMAKE_PREFIX_PATH=/opt/ros/humble /usr/bin/cmake --install /home/hycon/econ_multicam_ros/build/econ_ros
[1.965s] Level 1:colcon.colcon_core.environment:create_environment_scripts_only(econ_ros)
[1.967s] DEBUG:colcon.colcon_core.event_handler.log_command:Invoked command in '/home/hycon/econ_multicam_ros/build/econ_ros' returned '0': CMAKE_PREFIX_PATH=/opt/ros/humble /usr/bin/cmake --install /home/hycon/econ_multicam_ros/build/econ_ros
[1.972s] Level 1:colcon.colcon_core.environment:checking '/home/hycon/econ_multicam_ros/install/econ_ros' for CMake module files
[1.974s] Level 1:colcon.colcon_core.environment:checking '/home/hycon/econ_multicam_ros/install/econ_ros' for CMake config files
[1.976s] Level 1:colcon.colcon_core.shell:create_environment_hook('econ_ros', 'cmake_prefix_path')
[1.977s] INFO:colcon.colcon_core.shell:Creating environment hook '/home/hycon/econ_multicam_ros/install/econ_ros/share/econ_ros/hook/cmake_prefix_path.ps1'
[1.979s] INFO:colcon.colcon_core.shell:Creating environment descriptor '/home/hycon/econ_multicam_ros/install/econ_ros/share/econ_ros/hook/cmake_prefix_path.dsv'
[1.981s] INFO:colcon.colcon_core.shell:Creating environment hook '/home/hycon/econ_multicam_ros/install/econ_ros/share/econ_ros/hook/cmake_prefix_path.sh'
[1.984s] Level 1:colcon.colcon_core.environment:checking '/home/hycon/econ_multicam_ros/install/econ_ros/lib'
[1.984s] Level 1:colcon.colcon_core.environment:checking '/home/hycon/econ_multicam_ros/install/econ_ros/bin'
[1.985s] Level 1:colcon.colcon_core.environment:checking '/home/hycon/econ_multicam_ros/install/econ_ros/lib/pkgconfig/econ_ros.pc'
[1.986s] Level 1:colcon.colcon_core.environment:checking '/home/hycon/econ_multicam_ros/install/econ_ros/lib/python3.10/site-packages'
[1.987s] Level 1:colcon.colcon_core.environment:checking '/home/hycon/econ_multicam_ros/install/econ_ros/bin'
[1.988s] INFO:colcon.colcon_core.shell:Creating package script '/home/hycon/econ_multicam_ros/install/econ_ros/share/econ_ros/package.ps1'
[1.991s] INFO:colcon.colcon_core.shell:Creating package descriptor '/home/hycon/econ_multicam_ros/install/econ_ros/share/econ_ros/package.dsv'
[1.993s] INFO:colcon.colcon_core.shell:Creating package script '/home/hycon/econ_multicam_ros/install/econ_ros/share/econ_ros/package.sh'
[1.996s] INFO:colcon.colcon_core.shell:Creating package script '/home/hycon/econ_multicam_ros/install/econ_ros/share/econ_ros/package.bash'
[1.999s] INFO:colcon.colcon_core.shell:Creating package script '/home/hycon/econ_multicam_ros/install/econ_ros/share/econ_ros/package.zsh'
[2.001s] Level 1:colcon.colcon_core.environment:create_file_with_runtime_dependencies(/home/hycon/econ_multicam_ros/install/econ_ros/share/colcon-core/packages/econ_ros)
[2.003s] Level 1:colcon.colcon_core.environment:create_environment_scripts_only(econ_ros)
[2.004s] Level 1:colcon.colcon_core.environment:checking '/home/hycon/econ_multicam_ros/install/econ_ros' for CMake module files
[2.006s] Level 1:colcon.colcon_core.environment:checking '/home/hycon/econ_multicam_ros/install/econ_ros' for CMake config files
[2.008s] Level 1:colcon.colcon_core.shell:create_environment_hook('econ_ros', 'cmake_prefix_path')
[2.009s] INFO:colcon.colcon_core.shell:Creating environment hook '/home/hycon/econ_multicam_ros/install/econ_ros/share/econ_ros/hook/cmake_prefix_path.ps1'
[2.010s] INFO:colcon.colcon_core.shell:Creating environment descriptor '/home/hycon/econ_multicam_ros/install/econ_ros/share/econ_ros/hook/cmake_prefix_path.dsv'
[2.012s] INFO:colcon.colcon_core.shell:Creating environment hook '/home/hycon/econ_multicam_ros/install/econ_ros/share/econ_ros/hook/cmake_prefix_path.sh'
[2.014s] Level 1:colcon.colcon_core.environment:checking '/home/hycon/econ_multicam_ros/install/econ_ros/lib'
[2.015s] Level 1:colcon.colcon_core.environment:checking '/home/hycon/econ_multicam_ros/install/econ_ros/bin'
[2.015s] Level 1:colcon.colcon_core.environment:checking '/home/hycon/econ_multicam_ros/install/econ_ros/lib/pkgconfig/econ_ros.pc'
[2.016s] Level 1:colcon.colcon_core.environment:checking '/home/hycon/econ_multicam_ros/install/econ_ros/lib/python3.10/site-packages'
[2.017s] Level 1:colcon.colcon_core.environment:checking '/home/hycon/econ_multicam_ros/install/econ_ros/bin'
[2.018s] INFO:colcon.colcon_core.shell:Creating package script '/home/hycon/econ_multicam_ros/install/econ_ros/share/econ_ros/package.ps1'
[2.020s] INFO:colcon.colcon_core.shell:Creating package descriptor '/home/hycon/econ_multicam_ros/install/econ_ros/share/econ_ros/package.dsv'
[2.022s] INFO:colcon.colcon_core.shell:Creating package script '/home/hycon/econ_multicam_ros/install/econ_ros/share/econ_ros/package.sh'
[2.024s] INFO:colcon.colcon_core.shell:Creating package script '/home/hycon/econ_multicam_ros/install/econ_ros/share/econ_ros/package.bash'
[2.025s] INFO:colcon.colcon_core.shell:Creating package script '/home/hycon/econ_multicam_ros/install/econ_ros/share/econ_ros/package.zsh'
[2.027s] Level 1:colcon.colcon_core.environment:create_file_with_runtime_dependencies(/home/hycon/econ_multicam_ros/install/econ_ros/share/colcon-core/packages/econ_ros)
[2.028s] DEBUG:colcon.colcon_parallel_executor.executor.parallel:closing loop
[2.029s] DEBUG:colcon.colcon_parallel_executor.executor.parallel:loop closed
[2.029s] DEBUG:colcon.colcon_parallel_executor.executor.parallel:run_until_complete finished with '0'
[2.029s] DEBUG:colcon.colcon_core.event_reactor:joining thread
[2.047s] INFO:colcon.colcon_core.plugin_system:Skipping extension 'colcon_notification.desktop_notification.terminal_notifier': Not used on non-Darwin systems
[2.048s] INFO:colcon.colcon_core.plugin_system:Skipping extension 'colcon_notification.desktop_notification.win32': Not used on non-Windows systems
[2.048s] INFO:colcon.colcon_notification.desktop_notification:Sending desktop notification using 'notify2'
[2.071s] DEBUG:colcon.colcon_notification.desktop_notification.notify2:Failed to initialize notify2: org.freedesktop.DBus.Error.Spawn.ChildExited: Process org.freedesktop.Notifications exited with status 1
[2.071s] DEBUG:colcon.colcon_core.event_reactor:joined thread
[2.072s] INFO:colcon.colcon_core.shell:Creating prefix script '/home/hycon/econ_multicam_ros/install/local_setup.ps1'
[2.076s] INFO:colcon.colcon_core.shell:Creating prefix util module '/home/hycon/econ_multicam_ros/install/_local_setup_util_ps1.py'
[2.081s] INFO:colcon.colcon_core.shell:Creating prefix chain script '/home/hycon/econ_multicam_ros/install/setup.ps1'
[2.086s] INFO:colcon.colcon_core.shell:Creating prefix script '/home/hycon/econ_multicam_ros/install/local_setup.sh'
[2.088s] INFO:colcon.colcon_core.shell:Creating prefix util module '/home/hycon/econ_multicam_ros/install/_local_setup_util_sh.py'
[2.090s] INFO:colcon.colcon_core.shell:Creating prefix chain script '/home/hycon/econ_multicam_ros/install/setup.sh'
[2.094s] INFO:colcon.colcon_core.shell:Creating prefix script '/home/hycon/econ_multicam_ros/install/local_setup.bash'
[2.096s] INFO:colcon.colcon_core.shell:Creating prefix chain script '/home/hycon/econ_multicam_ros/install/setup.bash'
[2.099s] INFO:colcon.colcon_core.shell:Creating prefix script '/home/hycon/econ_multicam_ros/install/local_setup.zsh'
[2.101s] INFO:colcon.colcon_core.shell:Creating prefix chain script '/home/hycon/econ_multicam_ros/install/setup.zsh'
